INFO 2025-04-14 05:00:05,379 autoreload Watching for file changes with StatReloader
INFO 2025-04-14 05:01:20,595 basehttp "OPTIONS /api/token/ HTTP/1.1" 200 0
WARNING 2025-04-14 05:01:20,770 log Unauthorized: /api/token/
WARNING 2025-04-14 05:01:20,770 basehttp "POST /api/token/ HTTP/1.1" 401 63
INFO 2025-04-14 05:02:55,793 basehttp "OPTIONS /api/register/ HTTP/1.1" 200 0
INFO 2025-04-14 05:02:55,986 basehttp "POST /api/register/ HTTP/1.1" 201 810
INFO 2025-04-14 05:02:55,999 basehttp "OPTIONS /api/v1/users/me/ HTTP/1.1" 200 0
INFO 2025-04-14 05:02:55,999 basehttp "OPTIONS /api/v1/users/me/ HTTP/1.1" 200 0
INFO 2025-04-14 05:02:56,009 basehttp "GET /api/v1/users/me/ HTTP/1.1" 200 316
INFO 2025-04-14 05:02:56,018 basehttp "GET /api/v1/users/me/ HTTP/1.1" 200 316
INFO 2025-04-14 05:02:56,029 basehttp "GET /api/v1/users/me/ HTTP/1.1" 200 316
INFO 2025-04-14 05:02:56,041 basehttp "GET /api/v1/users/me/ HTTP/1.1" 200 316
INFO 2025-04-14 05:02:56,051 basehttp "GET /api/v1/users/me/ HTTP/1.1" 200 316
INFO 2025-04-14 05:02:56,052 basehttp "OPTIONS /api/v1/events/?organizer=23 HTTP/1.1" 200 0
INFO 2025-04-14 05:02:56,059 basehttp "GET /api/v1/users/me/ HTTP/1.1" 200 316
INFO 2025-04-14 05:02:56,061 basehttp "OPTIONS /api/v1/events/? HTTP/1.1" 200 0
INFO 2025-04-14 05:02:56,065 basehttp "GET /api/v1/events/?organizer=23 HTTP/1.1" 200 52
INFO 2025-04-14 05:02:56,069 basehttp "GET /api/v1/events/? HTTP/1.1" 200 52
INFO 2025-04-14 05:02:56,069 basehttp "GET /api/v1/users/me/ HTTP/1.1" 200 316
INFO 2025-04-14 05:02:56,079 basehttp "GET /api/v1/users/me/ HTTP/1.1" 200 316
INFO 2025-04-14 05:02:56,082 basehttp "GET /api/v1/events/?organizer=23 HTTP/1.1" 200 52
INFO 2025-04-14 05:02:56,091 basehttp "GET /api/v1/events/? HTTP/1.1" 200 52
INFO 2025-04-14 05:02:58,850 basehttp "GET /api/v1/users/me/ HTTP/1.1" 200 316
INFO 2025-04-14 05:02:58,853 basehttp "OPTIONS /api/v1/event-categories/ HTTP/1.1" 200 0
INFO 2025-04-14 05:02:58,869 basehttp "GET /api/v1/users/me/ HTTP/1.1" 200 316
INFO 2025-04-14 05:02:58,870 basehttp "GET /api/v1/event-categories/ HTTP/1.1" 200 1066
INFO 2025-04-14 05:02:58,880 basehttp "GET /api/v1/event-categories/ HTTP/1.1" 200 1066
INFO 2025-04-14 05:03:36,878 basehttp "GET /api/v1/users/me/ HTTP/1.1" 200 316
INFO 2025-04-14 05:03:36,882 basehttp "OPTIONS /api/v1/events/ HTTP/1.1" 200 0
INFO 2025-04-14 05:03:36,957 basehttp "POST /api/v1/events/ HTTP/1.1" 201 778
INFO 2025-04-14 05:03:36,984 basehttp "GET /api/v1/users/me/ HTTP/1.1" 200 316
INFO 2025-04-14 05:03:36,986 basehttp "OPTIONS /api/v1/events/1/ HTTP/1.1" 200 0
INFO 2025-04-14 05:03:36,993 basehttp "GET /api/v1/users/me/ HTTP/1.1" 200 316
INFO 2025-04-14 05:03:37,000 basehttp "GET /api/v1/events/1/ HTTP/1.1" 200 807
INFO 2025-04-14 05:03:37,012 basehttp "GET /api/v1/events/1/ HTTP/1.1" 200 807
INFO 2025-04-14 05:10:57,703 basehttp "GET /api/v1/users/me/ HTTP/1.1" 200 316
INFO 2025-04-14 05:10:57,731 basehttp "GET /api/v1/users/me/ HTTP/1.1" 200 316
INFO 2025-04-14 05:10:57,748 basehttp "GET /api/v1/users/me/ HTTP/1.1" 200 316
INFO 2025-04-14 05:10:57,763 basehttp "GET /api/v1/users/me/ HTTP/1.1" 200 316
INFO 2025-04-14 05:10:57,777 basehttp "GET /api/v1/users/me/ HTTP/1.1" 200 316
INFO 2025-04-14 05:10:57,794 basehttp "GET /api/v1/users/me/ HTTP/1.1" 200 316
INFO 2025-04-14 05:10:57,809 basehttp "GET /api/v1/events/?organizer=23 HTTP/1.1" 200 830
INFO 2025-04-14 05:10:57,809 basehttp "GET /api/v1/users/me/ HTTP/1.1" 200 316
INFO 2025-04-14 05:10:57,821 basehttp "GET /api/v1/events/? HTTP/1.1" 200 830
INFO 2025-04-14 05:10:57,823 basehttp "GET /api/v1/users/me/ HTTP/1.1" 200 316
INFO 2025-04-14 05:10:57,829 basehttp "GET /api/v1/events/?organizer=23 HTTP/1.1" 200 830
INFO 2025-04-14 05:10:57,846 basehttp "GET /api/v1/events/? HTTP/1.1" 200 830
INFO 2025-04-14 05:11:02,204 basehttp "GET /api/v1/users/me/ HTTP/1.1" 200 316
INFO 2025-04-14 05:11:02,235 basehttp "GET /api/v1/users/me/ HTTP/1.1" 200 316
INFO 2025-04-14 05:11:02,253 basehttp "GET /api/v1/events/1/ HTTP/1.1" 200 807
INFO 2025-04-14 05:11:02,344 basehttp "GET /api/v1/events/1/ HTTP/1.1" 200 807
INFO 2025-04-14 05:27:57,157 basehttp "GET /api/v1/users/me/ HTTP/1.1" 200 316
INFO 2025-04-14 05:27:57,173 basehttp "GET /api/v1/users/me/ HTTP/1.1" 200 316
INFO 2025-04-14 05:27:57,187 basehttp "GET /api/v1/users/me/ HTTP/1.1" 200 316
INFO 2025-04-14 05:27:57,202 basehttp "GET /api/v1/users/me/ HTTP/1.1" 200 316
INFO 2025-04-14 05:27:57,217 basehttp "GET /api/v1/users/me/ HTTP/1.1" 200 316
INFO 2025-04-14 05:27:57,235 basehttp "GET /api/v1/users/me/ HTTP/1.1" 200 316
INFO 2025-04-14 05:27:57,250 basehttp "GET /api/v1/users/me/ HTTP/1.1" 200 316
INFO 2025-04-14 05:27:57,254 basehttp "GET /api/v1/events/?organizer=23 HTTP/1.1" 200 830
INFO 2025-04-14 05:27:57,262 basehttp "GET /api/v1/events/? HTTP/1.1" 200 830
INFO 2025-04-14 05:27:57,263 basehttp "GET /api/v1/users/me/ HTTP/1.1" 200 316
INFO 2025-04-14 05:27:57,277 basehttp "GET /api/v1/events/?organizer=23 HTTP/1.1" 200 830
INFO 2025-04-14 05:27:57,288 basehttp "GET /api/v1/events/? HTTP/1.1" 200 830
INFO 2025-04-14 05:27:58,713 basehttp "GET /api/v1/users/me/ HTTP/1.1" 200 316
INFO 2025-04-14 05:27:58,733 basehttp "GET /api/v1/users/me/ HTTP/1.1" 200 316
INFO 2025-04-14 05:27:58,744 basehttp "GET /api/v1/events/1/ HTTP/1.1" 200 807
INFO 2025-04-14 05:27:58,770 basehttp "GET /api/v1/events/1/ HTTP/1.1" 200 807
INFO 2025-04-14 05:35:08,794 basehttp "GET /api/v1/users/me/ HTTP/1.1" 200 316
INFO 2025-04-14 05:35:08,815 basehttp "GET /api/v1/events/1/ HTTP/1.1" 200 807
INFO 2025-04-14 05:36:45,196 basehttp "GET /api/v1/users/me/ HTTP/1.1" 200 316
INFO 2025-04-14 05:36:45,213 basehttp "GET /api/v1/users/me/ HTTP/1.1" 200 316
INFO 2025-04-14 05:36:45,229 basehttp "GET /api/v1/users/me/ HTTP/1.1" 200 316
INFO 2025-04-14 05:36:45,242 basehttp "GET /api/v1/users/me/ HTTP/1.1" 200 316
INFO 2025-04-14 05:36:45,256 basehttp "GET /api/v1/users/me/ HTTP/1.1" 200 316
INFO 2025-04-14 05:36:45,271 basehttp "GET /api/v1/users/me/ HTTP/1.1" 200 316
INFO 2025-04-14 05:36:45,287 basehttp "GET /api/v1/events/?organizer=23 HTTP/1.1" 200 830
INFO 2025-04-14 05:36:45,291 basehttp "GET /api/v1/users/me/ HTTP/1.1" 200 316
INFO 2025-04-14 05:36:45,306 basehttp "GET /api/v1/events/? HTTP/1.1" 200 830
INFO 2025-04-14 05:36:45,312 basehttp "GET /api/v1/users/me/ HTTP/1.1" 200 316
INFO 2025-04-14 05:36:45,327 basehttp "GET /api/v1/events/?organizer=23 HTTP/1.1" 200 830
INFO 2025-04-14 05:36:45,339 basehttp "GET /api/v1/events/? HTTP/1.1" 200 830
INFO 2025-04-14 05:36:45,983 basehttp "GET /api/v1/users/me/ HTTP/1.1" 200 316
INFO 2025-04-14 05:36:46,004 basehttp "GET /api/v1/users/me/ HTTP/1.1" 200 316
INFO 2025-04-14 05:36:46,015 basehttp "GET /api/v1/events/1/ HTTP/1.1" 200 807
INFO 2025-04-14 05:36:46,037 basehttp "GET /api/v1/events/1/ HTTP/1.1" 200 807
